<?xml version="1.0" encoding="UTF-8"?>
<!-- Generated by org.testng.reporters.JUnitReportReporter -->
<testsuite hostname="JJCTDL3" failures="0" tests="3" name="com.goosehead.testcase.Testcase" time="67.963" errors="0" timestamp="2022-06-30T14:16:17 IST" skipped="2">
  <testcase classname="com.goosehead.testcase.Testcase" name="address" time="67.963"/>
  <system-out/>
  <testcase classname="com.goosehead.testcase.Testcase" name="addressSearch">
    <skipped/>
  </testcase> <!-- addressSearch -->
  <system-out/>
  <testcase classname="com.goosehead.testcase.Testcase" name="Test1">
    <skipped/>
  </testcase> <!-- Test1 -->
  <system-out/>
</testsuite> <!-- com.goosehead.testcase.Testcase -->
