<?xml version="1.0" encoding="UTF-8"?>
<!-- Generated by org.testng.reporters.JUnitReportReporter -->
<testsuite hostname="JJCTDL3" failures="0" tests="1" name="Insurance.GooseheadAutomation.NewTest" time="0.009" errors="0" timestamp="2022-06-27T12:11:29 IST" skipped="0">
  <testcase classname="Insurance.GooseheadAutomation.NewTest" name="f" time="0.009"/>
  <system-out/>
</testsuite> <!-- Insurance.GooseheadAutomation.NewTest -->
